<?xml version="1.0" encoding="UTF-8"?>
<testng-results ignored="0" total="1" passed="1" failed="0" skipped="0">
  <reporter-output>
  </reporter-output>
  <suite started-at="2024-11-22T18:36:51 IST" name="Suite" finished-at="2024-11-22T18:37:03 IST" duration-ms="11785">
    <groups>
    </groups>
    <test started-at="2024-11-22T18:36:51 IST" name="Test" finished-at="2024-11-22T18:37:03 IST" duration-ms="11785">
      <class name="com.testng.maven.google.GoogleTest">
        <test-method is-config="true" signature="getDriver()[pri:0, instance:com.testng.maven.google.GoogleTest@1c5920df]" started-at="2024-11-22T18:36:51 IST" name="getDriver" finished-at="2024-11-22T18:36:51 IST" duration-ms="19" status="PASS">
          <reporter-output>
          </reporter-output>
        </test-method> <!-- getDriver -->
        <test-method is-config="true" signature="lunchApp()[pri:0, instance:com.testng.maven.google.GoogleTest@1c5920df]" started-at="2024-11-22T18:36:51 IST" name="lunchApp" finished-at="2024-11-22T18:36:56 IST" duration-ms="4939" status="PASS">
          <reporter-output>
          </reporter-output>
        </test-method> <!-- lunchApp -->
        <test-method signature="ExecuteGoogleSearch()[pri:0, instance:com.testng.maven.google.GoogleTest@1c5920df]" started-at="2024-11-22T18:36:56 IST" name="ExecuteGoogleSearch" finished-at="2024-11-22T18:37:01 IST" duration-ms="5436" status="PASS">
          <reporter-output>
          </reporter-output>
        </test-method> <!-- ExecuteGoogleSearch -->
        <test-method is-config="true" signature="closeApp()[pri:0, instance:com.testng.maven.google.GoogleTest@1c5920df]" started-at="2024-11-22T18:37:01 IST" name="closeApp" finished-at="2024-11-22T18:37:03 IST" duration-ms="1336" status="PASS">
          <reporter-output>
          </reporter-output>
        </test-method> <!-- closeApp -->
      </class> <!-- com.testng.maven.google.GoogleTest -->
    </test> <!-- Test -->
  </suite> <!-- Suite -->
</testng-results>
