<?xml version="1.0" encoding="UTF-8"?>
<testng-results ignored="0" total="1" passed="1" failed="0" skipped="0">
  <reporter-output>
  </reporter-output>
  <suite started-at="2024-11-22T21:20:22 IST" name="Suite" finished-at="2024-11-22T21:20:36 IST" duration-ms="14760">
    <groups>
    </groups>
    <test started-at="2024-11-22T21:20:22 IST" name="Test" finished-at="2024-11-22T21:20:36 IST" duration-ms="14760">
      <class name="com.testng.maven.google.GoogleTest">
        <test-method is-config="true" signature="getDriver()[pri:0, instance:com.testng.maven.google.GoogleTest@75437611]" started-at="2024-11-22T21:20:22 IST" name="getDriver" finished-at="2024-11-22T21:20:22 IST" duration-ms="11" status="PASS">
          <reporter-output>
          </reporter-output>
        </test-method> <!-- getDriver -->
        <test-method is-config="true" signature="lunchApp()[pri:0, instance:com.testng.maven.google.GoogleTest@75437611]" started-at="2024-11-22T21:20:22 IST" name="lunchApp" finished-at="2024-11-22T21:20:29 IST" duration-ms="6983" status="PASS">
          <reporter-output>
          </reporter-output>
        </test-method> <!-- lunchApp -->
        <test-method signature="ExecuteGoogleSearch()[pri:0, instance:com.testng.maven.google.GoogleTest@75437611]" started-at="2024-11-22T21:20:29 IST" name="ExecuteGoogleSearch" finished-at="2024-11-22T21:20:36 IST" duration-ms="7041" status="PASS">
          <reporter-output>
          </reporter-output>
        </test-method> <!-- ExecuteGoogleSearch -->
        <test-method is-config="true" signature="closeApp()[pri:0, instance:com.testng.maven.google.GoogleTest@75437611]" started-at="2024-11-22T21:20:36 IST" name="closeApp" finished-at="2024-11-22T21:20:36 IST" duration-ms="646" status="PASS">
          <reporter-output>
          </reporter-output>
        </test-method> <!-- closeApp -->
      </class> <!-- com.testng.maven.google.GoogleTest -->
    </test> <!-- Test -->
  </suite> <!-- Suite -->
</testng-results>
